2019-11-03 11:24:11,250 INFO o.a.j.u.JMeterUtils: Setting Locale to en_KW
2019-11-03 11:24:11,274 INFO o.a.j.JMeter: Loading user properties from: user.properties
2019-11-03 11:24:11,275 INFO o.a.j.JMeter: Loading system properties from: system.properties
2019-11-03 11:24:11,280 INFO o.a.j.JMeter: Copyright (c) 1998-2019 The Apache Software Foundation
2019-11-03 11:24:11,281 INFO o.a.j.JMeter: Version 5.1.1 r1855137
2019-11-03 11:24:11,281 INFO o.a.j.JMeter: java.version=1.8.0_221
2019-11-03 11:24:11,281 INFO o.a.j.JMeter: java.vm.name=Java HotSpot(TM) 64-Bit Server VM
2019-11-03 11:24:11,281 INFO o.a.j.JMeter: os.name=Mac OS X
2019-11-03 11:24:11,281 INFO o.a.j.JMeter: os.arch=x86_64
2019-11-03 11:24:11,281 INFO o.a.j.JMeter: os.version=10.14.3
2019-11-03 11:24:11,281 INFO o.a.j.JMeter: file.encoding=UTF-8
2019-11-03 11:24:11,281 INFO o.a.j.JMeter: java.awt.headless=null
2019-11-03 11:24:11,281 INFO o.a.j.JMeter: Max memory     =1908932608
2019-11-03 11:24:11,281 INFO o.a.j.JMeter: Available Processors =4
2019-11-03 11:24:11,286 INFO o.a.j.JMeter: Default Locale=English (Kuwait)
2019-11-03 11:24:11,286 INFO o.a.j.JMeter: JMeter  Locale=English (Kuwait)
2019-11-03 11:24:11,286 INFO o.a.j.JMeter: JMeterHome=/Users/digitaloffice/Downloads/apache-jmeter-5.1.1
2019-11-03 11:24:11,286 INFO o.a.j.JMeter: user.dir  =/Users/digitaloffice/Downloads/apache-jmeter-5.1.1/bin
2019-11-03 11:24:11,286 INFO o.a.j.JMeter: PWD       =/Users/digitaloffice/Downloads/apache-jmeter-5.1.1/bin
2019-11-03 11:24:11,465 INFO o.a.j.JMeter: IP: 192.168.8.132 Name: Digitals-MBP-5 FullName: digitals-mbp-5
2019-11-03 11:24:13,375 INFO o.a.j.g.a.LookAndFeelCommand: Installing Darcula LAF
2019-11-03 11:24:13,391 INFO o.a.j.g.a.LookAndFeelCommand: Using look and feel: com.bulenkov.darcula.DarculaLaf [Darcula]
2019-11-03 11:24:13,391 INFO o.a.j.JMeter: Setting LAF to: com.bulenkov.darcula.DarculaLaf
2019-11-03 11:24:13,475 INFO o.a.j.JMeter: Loaded icon properties from org/apache/jmeter/images/icon.properties
2019-11-03 11:24:14,434 WARN o.j.r.PluginManagerMenuCreator: Was unable to install pmgr cmdline tool
java.nio.file.NoSuchFileException: /Users/digitaloffice/Downloads/bin/PluginsManagerCMD.bat
	at sun.nio.fs.UnixException.translateToIOException(UnixException.java:86) ~[?:1.8.0_221]
	at sun.nio.fs.UnixException.rethrowAsIOException(UnixException.java:102) ~[?:1.8.0_221]
	at sun.nio.fs.UnixException.rethrowAsIOException(UnixException.java:107) ~[?:1.8.0_221]
	at sun.nio.fs.UnixFileSystemProvider.newByteChannel(UnixFileSystemProvider.java:214) ~[?:1.8.0_221]
	at java.nio.file.spi.FileSystemProvider.newOutputStream(FileSystemProvider.java:434) ~[?:1.8.0_221]
	at java.nio.file.Files.newOutputStream(Files.java:216) ~[?:1.8.0_221]
	at java.nio.file.Files.copy(Files.java:3016) ~[?:1.8.0_221]
	at org.jmeterplugins.repository.PluginManagerCMDInstaller.writeOut(PluginManagerCMDInstaller.java:24) ~[jmeter-plugins-manager-1.3.jar:?]
	at org.jmeterplugins.repository.PluginManagerCMDInstaller.main(PluginManagerCMDInstaller.java:12) ~[jmeter-plugins-manager-1.3.jar:?]
	at org.jmeterplugins.repository.PluginManagerMenuCreator.getMenuItemsAtLocation(PluginManagerMenuCreator.java:16) [jmeter-plugins-manager-1.3.jar:?]
	at org.apache.jmeter.gui.util.JMeterMenuBar.addPluginsMenuItems(JMeterMenuBar.java:554) [ApacheJMeter_core.jar:5.1.1 r1855137]
	at org.apache.jmeter.gui.util.JMeterMenuBar.makeOptionsMenu(JMeterMenuBar.java:325) [ApacheJMeter_core.jar:5.1.1 r1855137]
	at org.apache.jmeter.gui.util.JMeterMenuBar.createMenuBar(JMeterMenuBar.java:198) [ApacheJMeter_core.jar:5.1.1 r1855137]
	at org.apache.jmeter.gui.util.JMeterMenuBar.<init>(JMeterMenuBar.java:113) [ApacheJMeter_core.jar:5.1.1 r1855137]
	at org.apache.jmeter.gui.MainFrame.init(MainFrame.java:495) [ApacheJMeter_core.jar:5.1.1 r1855137]
	at org.apache.jmeter.gui.MainFrame.<init>(MainFrame.java:224) [ApacheJMeter_core.jar:5.1.1 r1855137]
	at org.apache.jmeter.JMeter.startGui(JMeter.java:397) [ApacheJMeter_core.jar:5.1.1 r1855137]
	at org.apache.jmeter.JMeter.start(JMeter.java:544) [ApacheJMeter_core.jar:5.1.1 r1855137]
	at sun.reflect.NativeMethodAccessorImpl.invoke0(Native Method) ~[?:1.8.0_221]
	at sun.reflect.NativeMethodAccessorImpl.invoke(NativeMethodAccessorImpl.java:62) ~[?:1.8.0_221]
	at sun.reflect.DelegatingMethodAccessorImpl.invoke(DelegatingMethodAccessorImpl.java:43) ~[?:1.8.0_221]
	at java.lang.reflect.Method.invoke(Method.java:498) ~[?:1.8.0_221]
	at org.apache.jmeter.NewDriver.main(NewDriver.java:253) [ApacheJMeter.jar:5.1.1 r1855137]
2019-11-03 11:24:14,469 WARN o.j.r.PluginManager: Found JAR conflict: /Users/digitaloffice/Downloads/apache-jmeter-5.1.1/lib/ext/jmeter-plugins-manager-0.20.jar and /Users/digitaloffice/Downloads/apache-jmeter-5.1.1/lib/jmeter-plugins-manager-1.3.jar
2019-11-03 11:24:14,470 WARN o.j.r.PluginManager: Found JAR conflict: /Users/digitaloffice/Downloads/apache-jmeter-5.1.1/lib/ext/jmeter-plugins-manager-1.3.jar and /Users/digitaloffice/Downloads/apache-jmeter-5.1.1/lib/ext/jmeter-plugins-manager-0.20.jar
2019-11-03 11:24:14,501 INFO o.j.r.JARSourceHTTP: Found cached repo
2019-11-03 11:24:14,665 INFO o.j.r.PluginManager: Plugins Status: [jpgc-graphs-basic=2.0, blazemeter-debugger=0.6, jpgc-functions=2.1, jpgc-casutg=2.9, jpgc-dummy=0.4, jpgc-ffw=2.0, jpgc-fifo=0.2, jpgc-perfmon=2.1, jpgc-plugins-manager=1.3, jpgc-webdriver=3.1, jpgc-plancheck=2.4, jpgc-tst=2.5, jmeter-core=5.1.1, jmeter-ftp=5.1.1, jmeter-http=5.1.1, jmeter-jdbc=5.1.1, jmeter-jms=5.1.1, jmeter-junit=5.1.1, jmeter-java=5.1.1, jmeter-ldap=5.1.1, jmeter-mail=5.1.1, jmeter-mongodb=5.1.1, jmeter-native=5.1.1, jmeter-tcp=5.1.1, jmeter-components=5.1.1, jpgc-standard=2.0]
2019-11-03 11:24:17,498 INFO o.a.j.p.h.s.HTTPSamplerBase: Parser for text/html is org.apache.jmeter.protocol.http.parser.LagartoBasedHtmlParser
2019-11-03 11:24:17,499 INFO o.a.j.p.h.s.HTTPSamplerBase: Parser for application/xhtml+xml is org.apache.jmeter.protocol.http.parser.LagartoBasedHtmlParser
2019-11-03 11:24:17,499 INFO o.a.j.p.h.s.HTTPSamplerBase: Parser for application/xml is org.apache.jmeter.protocol.http.parser.LagartoBasedHtmlParser
2019-11-03 11:24:17,499 INFO o.a.j.p.h.s.HTTPSamplerBase: Parser for text/xml is org.apache.jmeter.protocol.http.parser.LagartoBasedHtmlParser
2019-11-03 11:24:17,499 INFO o.a.j.p.h.s.HTTPSamplerBase: Parser for text/vnd.wap.wml is org.apache.jmeter.protocol.http.parser.RegexpHTMLParser
2019-11-03 11:24:17,499 INFO o.a.j.p.h.s.HTTPSamplerBase: Parser for text/css is org.apache.jmeter.protocol.http.parser.CssParser
2019-11-03 11:24:17,847 INFO o.a.j.e.KeyToolUtils: keytool found at 'keytool'
2019-11-03 11:24:17,847 INFO o.a.j.p.h.p.ProxyControl: HTTP(S) Test Script Recorder SSL Proxy will use keys that support embedded 3rd party resources in file /Users/digitaloffice/Downloads/apache-jmeter-5.1.1/bin/proxyserver.jks
2019-11-03 11:24:18,016 INFO o.a.j.s.FileServer: Default base='/Users/digitaloffice/Downloads/apache-jmeter-5.1.1/bin'
2019-11-03 11:24:18,450 INFO o.a.j.s.SampleResult: Note: Sample TimeStamps are START times
2019-11-03 11:24:18,450 INFO o.a.j.s.SampleResult: sampleresult.default.encoding is set to ISO-8859-1
2019-11-03 11:24:18,450 INFO o.a.j.s.SampleResult: sampleresult.useNanoTime=true
2019-11-03 11:24:18,450 INFO o.a.j.s.SampleResult: sampleresult.nanoThreadSleep=5000
